<?xml version="1.0" encoding="UTF-8"?>
<!-- Generated by org.testng.reporters.JUnitXMLReporter -->
<testsuite ignored="8" hostname="LAPTOP-B8G85UAF" failures="0" tests="3" name="Test2" time="9.181" errors="0" timestamp="2023-05-31T10:07:53 IST">
  <testcase classname="twinlight.GenericUtility.BaseClass" name="@BeforeMethod logintoAppAsAdmin" time="0.227">
    <failure type="java.lang.NullPointerException" message="Cannot invoke &amp;quot;org.openqa.selenium.SearchContext.findElement(org.openqa.selenium.By)&amp;quot; because &amp;quot;this.searchContext&amp;quot; is null">
      <![CDATA[java.lang.NullPointerException: Cannot invoke "org.openqa.selenium.SearchContext.findElement(org.openqa.selenium.By)" because "this.searchContext" is null
at org.openqa.selenium.support.pagefactory.DefaultElementLocator.findElement(DefaultElementLocator.java:70)
at org.openqa.selenium.support.pagefactory.internal.LocatingElementHandler.invoke(LocatingElementHandler.java:39)
at jdk.proxy2/jdk.proxy2.$Proxy22.click(Unknown Source)
at twinlight.GenericUtility.BaseClass.logintoAppAsAdmin(BaseClass.java:91)
at java.base/java.util.ArrayList.forEach(ArrayList.java:1511)
at java.base/java.util.concurrent.FutureTask.run(FutureTask.java:264)
at java.base/java.util.concurrent.ThreadPoolExecutor.runWorker(ThreadPoolExecutor.java:1136)
at java.base/java.util.concurrent.ThreadPoolExecutor$Worker.run(ThreadPoolExecutor.java:635)
at java.base/java.lang.Thread.run(Thread.java:833)
... Removed 22 stack frames]]>
    </failure>
  </testcase> <!-- @BeforeMethod logintoAppAsAdmin -->
  <testcase classname="twinlight.GenericUtility.BaseClass" name="@BeforeMethod logintoAppAsAdmin" time="0.215">
    <failure type="java.lang.NullPointerException" message="Cannot invoke &amp;quot;org.openqa.selenium.SearchContext.findElement(org.openqa.selenium.By)&amp;quot; because &amp;quot;this.searchContext&amp;quot; is null">
      <![CDATA[java.lang.NullPointerException: Cannot invoke "org.openqa.selenium.SearchContext.findElement(org.openqa.selenium.By)" because "this.searchContext" is null
at org.openqa.selenium.support.pagefactory.DefaultElementLocator.findElement(DefaultElementLocator.java:70)
at org.openqa.selenium.support.pagefactory.internal.LocatingElementHandler.invoke(LocatingElementHandler.java:39)
at jdk.proxy2/jdk.proxy2.$Proxy22.click(Unknown Source)
at twinlight.GenericUtility.BaseClass.logintoAppAsAdmin(BaseClass.java:91)
at java.base/java.util.ArrayList.forEach(ArrayList.java:1511)
at java.base/java.util.concurrent.FutureTask.run(FutureTask.java:264)
at java.base/java.util.concurrent.ThreadPoolExecutor.runWorker(ThreadPoolExecutor.java:1136)
at java.base/java.util.concurrent.ThreadPoolExecutor$Worker.run(ThreadPoolExecutor.java:635)
at java.base/java.lang.Thread.run(Thread.java:833)
... Removed 22 stack frames]]>
    </failure>
  </testcase> <!-- @BeforeMethod logintoAppAsAdmin -->
  <testcase classname="com.realstate.twinlightAdmin.Admin_register_complaintTest" name="AdminFileComplaint" time="1.593"/>
  <testcase classname="com.realstate.twinlightSearch.Search_Register_propertyTest" name="searchTheRegisterProperty" time="0.0">
    <skipped/>
  </testcase> <!-- searchTheRegisterProperty -->
  <testcase classname="com.realsttate.twinlightUser.RegisterASUser_Creat_Apartment_Check_InDetailsTest" name="CheckInDetail" time="0.0">
    <skipped/>
  </testcase> <!-- CheckInDetail -->
  <testcase classname="twinlight.GenericUtility.BaseClass" name="@AfterTest closeBrowser" time="0.0">
    <ignored/>
  </testcase> <!-- @AfterTest closeBrowser -->
  <testcase classname="twinlight.GenericUtility.BaseClass" name="@AfterTest closeBrowser" time="0.0">
    <ignored/>
  </testcase> <!-- @AfterTest closeBrowser -->
  <testcase classname="twinlight.GenericUtility.BaseClass" name="@BeforeTest launchBrowser" time="0.0">
    <ignored/>
  </testcase> <!-- @BeforeTest launchBrowser -->
  <testcase classname="twinlight.GenericUtility.BaseClass" name="@BeforeTest launchBrowser" time="0.0">
    <ignored/>
  </testcase> <!-- @BeforeTest launchBrowser -->
  <testcase classname="twinlight.GenericUtility.BaseClass" name="@BeforeSuite dbConn" time="0.0">
    <ignored/>
  </testcase> <!-- @BeforeSuite dbConn -->
  <testcase classname="twinlight.GenericUtility.BaseClass" name="@BeforeSuite dbConn" time="0.0">
    <ignored/>
  </testcase> <!-- @BeforeSuite dbConn -->
  <testcase classname="twinlight.GenericUtility.BaseClass" name="@AfterSuite closeDB" time="0.0">
    <ignored/>
  </testcase> <!-- @AfterSuite closeDB -->
  <testcase classname="twinlight.GenericUtility.BaseClass" name="@AfterSuite closeDB" time="0.0">
    <ignored/>
  </testcase> <!-- @AfterSuite closeDB -->
</testsuite> <!-- Test2 -->
