<?xml version="1.0" encoding="UTF-8"?>
<!-- Generated by org.testng.reporters.JUnitXMLReporter -->
<testsuite ignored="3" hostname="LAPTOP-B8G85UAF" failures="0" tests="1" name="Test" time="6.304" errors="0" timestamp="2023-05-29T11:25:43 IST">
  <testcase classname="com.realstate.twinlightAdmin.Admin_register_complaintTest" name="AdminFileComplaint" time="1.386"/>
  <testcase classname="com.realstate.twinlightAdmin.Register_apartment_then_register_complaintAndVerifyTest" name="RegAPtThenComplaint" time="0.0">
    <ignored/>
  </testcase> <!-- RegAPtThenComplaint -->
  <testcase classname="twinlight.GenericUtility.BaseClass" name="@BeforeSuite dbConn" time="0.0">
    <ignored/>
  </testcase> <!-- @BeforeSuite dbConn -->
  <testcase classname="twinlight.GenericUtility.BaseClass" name="@AfterSuite closeDB" time="0.0">
    <ignored/>
  </testcase> <!-- @AfterSuite closeDB -->
</testsuite> <!-- Test -->
